   1              		.cpu cortex-m0
   2              		.fpu softvfp
   3              		.eabi_attribute 20, 1
   4              		.eabi_attribute 21, 1
   5              		.eabi_attribute 23, 3
   6              		.eabi_attribute 24, 1
   7              		.eabi_attribute 25, 1
   8              		.eabi_attribute 26, 1
   9              		.eabi_attribute 30, 6
  10              		.eabi_attribute 34, 0
  11              		.eabi_attribute 18, 4
  12              		.code	16
  13              		.file	"Main.c"
  14              		.text
  15              	.Ltext0:
  16              		.cfi_sections	.debug_frame
  17              		.data
  18              		.align	1
  21              	SendData:
  22 0000 5555     		.short	21845
  23              		.section	.text.main,"ax",%progbits
  24              		.align	2
  25              		.global	main
  26              		.code	16
  27              		.thumb_func
  29              	main:
  30              	.LFB33:
  31              		.file 1 "../Main.c"
   1:../Main.c     **** /*
   2:../Main.c     ****  * Main.c
   3:../Main.c     ****  *
   4:../Main.c     ****  *  Created on: Mar 6, 2015
   5:../Main.c     ****  *      Author: Mikew
   6:../Main.c     ****  */
   7:../Main.c     **** 
   8:../Main.c     **** 
   9:../Main.c     **** 
  10:../Main.c     **** 
  11:../Main.c     **** 
  12:../Main.c     **** #include <DAVE3.h>			//Declarations from DAVE3 Code Generation (includes SFR declaration)
  13:../Main.c     **** #include "Dave/Generated/inc/SPI001/SPI001.h"
  14:../Main.c     **** 
  15:../Main.c     **** static uint16_t SendData = 0x5555;
  16:../Main.c     **** /*extern bool SPI001_WriteData
  17:../Main.c     **** (
  18:../Main.c     ****   const SPI001_HandleType* Handle,
  19:../Main.c     ****   const uint16_t* DataPtr,
  20:../Main.c     ****   SPI001_TransmitMode TrMode
  21:../Main.c     **** );*/
  22:../Main.c     **** 
  23:../Main.c     **** int main(void)
  24:../Main.c     **** {
  32              		.loc 1 24 0
  33              		.cfi_startproc
  34 0000 80B5     		push	{r7, lr}
  35              	.LCFI0:
  36              		.cfi_def_cfa_offset 8
  37              		.cfi_offset 7, -8
  38              		.cfi_offset 14, -4
  39 0002 00AF     		add	r7, sp, #0
  40              	.LCFI1:
  41              		.cfi_def_cfa_register 7
  25:../Main.c     **** //	status_t status;		// Declaration of return variable for DAVE3 APIs (toggle comment if required)
  26:../Main.c     **** 
  27:../Main.c     **** 
  28:../Main.c     **** 	DAVE_Init();			// Initialization of DAVE Apps
  42              		.loc 1 28 0
  43 0004 FFF7FEFF 		bl	DAVE_Init
  44              	.L2:
  29:../Main.c     **** 
  30:../Main.c     **** 
  31:../Main.c     **** 	while(1)
  32:../Main.c     **** 	{
  33:../Main.c     **** 	    /* the slave will send 16 bit data back */
  34:../Main.c     **** 	    // Clear the flags before writing data
  35:../Main.c     **** 	//	SPI001_ClearFlag(&SPI001_Handle0, SPI001_RECV_IND_FLAG);
  36:../Main.c     **** 	    /*
  37:../Main.c     **** 		 * SPI001_ClearFlag(&SPI001_Handle0, SPI001_ALT_RECV_IND_FLAG);
  38:../Main.c     **** 	     */
  39:../Main.c     **** 		SPI001_WriteData(&SPI001_Handle0, &SendData, SPI001_STANDARD); // 1
  45              		.loc 1 39 0 discriminator 1
  46 0008 034A     		ldr	r2, .L3
  47 000a 044B     		ldr	r3, .L3+4
  48 000c 101C     		mov	r0, r2
  49 000e 191C     		mov	r1, r3
  50 0010 0022     		mov	r2, #0
  51 0012 FFF7FEFF 		bl	SPI001_WriteData
  40:../Main.c     **** 
  41:../Main.c     **** 	}
  52              		.loc 1 41 0 discriminator 1
  53 0016 F7E7     		b	.L2
  54              	.L4:
  55              		.align	2
  56              	.L3:
  57 0018 00000000 		.word	SPI001_Handle0
  58 001c 00000000 		.word	SendData
  59              		.cfi_endproc
  60              	.LFE33:
  62              		.text
  63              	.Letext0:
  64              		.file 2 "d:\\dave-3.1.10\\arm-gcc\\bin\\../lib/gcc/arm-none-eabi/4.7.4/../../../../arm-none-eabi/i
  65              		.file 3 "D:\\DAVE-3.1.10\\eclipse\\/../CMSIS/Infineon/XMC1300_series/Include/XMC1300.h"
  66              		.file 4 "D:\\DAVE3_workspace\\ws3.1.10\\Infineon_DA_Board\\Dave\\Generated\\inc\\DAVESupport/../..
  67              		.file 5 "D:\\DAVE3_workspace\\ws3.1.10\\Infineon_DA_Board\\Dave\\Generated\\inc\\DAVESupport/../..
  68              		.file 6 "D:\\DAVE3_workspace\\ws3.1.10\\Infineon_DA_Board\\Dave\\Generated\\inc\\DAVESupport/../..
DEFINED SYMBOLS
                            *ABS*:00000000 Main.c
C:\Users\Mikew\AppData\Local\Temp\ccir9jV8.s:18     .data:00000000 $d
C:\Users\Mikew\AppData\Local\Temp\ccir9jV8.s:21     .data:00000000 SendData
C:\Users\Mikew\AppData\Local\Temp\ccir9jV8.s:24     .text.main:00000000 $t
C:\Users\Mikew\AppData\Local\Temp\ccir9jV8.s:29     .text.main:00000000 main
C:\Users\Mikew\AppData\Local\Temp\ccir9jV8.s:57     .text.main:00000018 $d
                     .debug_frame:00000010 $d
                           .group:00000000 wm4.1.c67c26e5b5bc773b816ae3f1dbc84429
                           .group:00000000 wm4.XMC1300.h.45.4ee692c6c98aa9fc42e2abbc732052b9
                           .group:00000000 wm4.core_cm0.h.47.022e66414e77714da7c4b30b3ad99fe8
                           .group:00000000 wm4.newlib.h.8.a9901dc52d1357e3e94003403d43f8b5
                           .group:00000000 wm4.features.h.22.b72b3baab2bb2eab3661375590100b6b
                           .group:00000000 wm4.config.h.193.5fb8ef056cdff92dec3dee9552839d8c
                           .group:00000000 wm4._ansi.h.23.7aefdac4826acebbfc9f3822a0aeb14c
                           .group:00000000 wm4.stdint.h.20.54ad762faa59e3c05491630641c8d8bf
                           .group:00000000 wm4.core_cmInstr.h.39.b7b6650bdd2316848d940915272d75b8
                           .group:00000000 wm4.core_cm0.h.135.ca70469f87e143609670bb393bfa6518
                           .group:00000000 wm4.XMC1000_RomFunctionTable.h.31.6d9a94465618f31b040dc9cea9a47ad7
                           .group:00000000 wm4.XMC1300.h.126.871a37eeeb3f6a078f5ddf5efd64103f
                           .group:00000000 wm4.stddef.h.40.50cf36416e06376af8a9dca28536f2e4
                           .group:00000000 wm4.types.h.60.e75c47576398c648cdcf9000ace5e3d8
                           .group:00000000 wm4.MULTIPLEXER.h.46.383e3edbb9cbf6e538f7c1532ef623c1
                           .group:00000000 wm4.CCU8PWMLIB.h.74.725ec81203769525cc7a424597055f47
                           .group:00000000 wm4.MOTORLIB.h.62.1aa717522e337383e1234be386036b7c
                           .group:00000000 wm4.IO004.h.53.442ea5eb47ad9eedc675253aa35f3107
                           .group:00000000 wm4.CLK002.h.56.d2936f957892acc36e594c5138aee657
                           .group:00000000 wm4.SPI001.h.66.008f87dc8e35bd406e3c30cddbc0095a
                           .group:00000000 wm4.SPI001_Conf.h.73.c5c12193b8e80575950f823e6fd0c682

UNDEFINED SYMBOLS
DAVE_Init
SPI001_WriteData
SPI001_Handle0
