   1              		.cpu cortex-m0
   2              		.fpu softvfp
   3              		.eabi_attribute 20, 1
   4              		.eabi_attribute 21, 1
   5              		.eabi_attribute 23, 3
   6              		.eabi_attribute 24, 1
   7              		.eabi_attribute 25, 1
   8              		.eabi_attribute 26, 1
   9              		.eabi_attribute 30, 6
  10              		.eabi_attribute 34, 0
  11              		.eabi_attribute 18, 4
  12              		.code	16
  13              		.file	"SPI001_Conf.c"
  14              		.text
  15              	.Ltext0:
  16              		.cfi_sections	.debug_frame
  17              		.global	SPI001_Config0
  18              		.data
  19              		.align	2
  22              	SPI001_Config0:
  23 0000 00       		.byte	0
  24 0001 01       		.byte	1
  25 0002 00       		.byte	0
  26 0003 00       		.byte	0
  27 0004 40420F00 		.word	1000000
  28 0008 00       		.byte	0
  29 0009 00       		.byte	0
  30 000a 10       		.byte	16
  31 000b 10       		.byte	16
  32 000c 00       		.byte	0
  33 000d 000000   		.space	3
  34              		.global	SPI001_PinHandle0
  35              		.align	2
  38              	SPI001_PinHandle0:
  39 0010 02       		.byte	2
  40 0011 00       		.byte	0
  41 0012 00       		.byte	0
  42 0013 00       		.byte	0
  43 0014 01       		.byte	1
  44 0015 0F       		.byte	15
  45 0016 00       		.byte	0
  46 0017 00       		.byte	0
  47 0018 00020440 		.word	1074004480
  48 001c 00000440 		.word	1074003968
  49 0020 00000440 		.word	1074003968
  50 0024 00000440 		.word	1074003968
  51 0028 01       		.byte	1
  52 0029 06       		.byte	6
  53 002a 0000     		.space	2
  54              		.global	SPI001_Handle0
  55              		.section	.rodata
  56              		.align	2
  59              	SPI001_Handle0:
  60 0000 00000048 		.word	1207959552
  61 0004 00       		.byte	0
  62 0005 000000   		.space	3
  63 0008 00000000 		.word	SPI001_Config0
  64 000c 03       		.byte	3
  65 000d 00       		.byte	0
  66 000e 00       		.byte	0
  67 000f 00       		.byte	0
  68 0010 00       		.byte	0
  69 0011 00       		.byte	0
  70 0012 00       		.byte	0
  71 0013 00       		.byte	0
  72 0014 01       		.byte	1
  73 0015 01       		.byte	1
  74 0016 01       		.byte	1
  75 0017 03       		.byte	3
  76 0018 01       		.byte	1
  77 0019 00       		.byte	0
  78 001a 0000     		.space	2
  79 001c 00000000 		.word	SPI001_PinHandle0
  80              		.text
  81              	.Letext0:
  82              		.file 1 "d:\\dave-3.1.10\\arm-gcc\\bin\\../lib/gcc/arm-none-eabi/4.7.4/../../../../arm-none-eabi/i
  83              		.file 2 "D:\\DAVE-3.1.10\\eclipse\\/../CMSIS/Infineon/XMC1300_series/Include/XMC1300.h"
  84              		.file 3 "D:\\DAVE3_workspace\\ws3.1.10\\Infineon_DA_Board\\Dave\\Generated\\inc\\DAVESupport/../..
  85              		.file 4 "D:\\DAVE3_workspace\\ws3.1.10\\Infineon_DA_Board\\Dave\\Generated\\inc\\DAVESupport/../..
  86              		.file 5 "../Dave/Generated/src/SPI001/SPI001_Conf.c"
DEFINED SYMBOLS
                            *ABS*:00000000 SPI001_Conf.c
C:\Users\Mikew\AppData\Local\Temp\ccjOxDDH.s:22     .data:00000000 SPI001_Config0
C:\Users\Mikew\AppData\Local\Temp\ccjOxDDH.s:19     .data:00000000 $d
C:\Users\Mikew\AppData\Local\Temp\ccjOxDDH.s:38     .data:00000010 SPI001_PinHandle0
C:\Users\Mikew\AppData\Local\Temp\ccjOxDDH.s:59     .rodata:00000000 SPI001_Handle0
C:\Users\Mikew\AppData\Local\Temp\ccjOxDDH.s:56     .rodata:00000000 $d
                           .group:00000000 wm4.1.c67c26e5b5bc773b816ae3f1dbc84429
                           .group:00000000 wm4.XMC1300.h.45.4ee692c6c98aa9fc42e2abbc732052b9
                           .group:00000000 wm4.core_cm0.h.47.022e66414e77714da7c4b30b3ad99fe8
                           .group:00000000 wm4.newlib.h.8.a9901dc52d1357e3e94003403d43f8b5
                           .group:00000000 wm4.features.h.22.b72b3baab2bb2eab3661375590100b6b
                           .group:00000000 wm4.config.h.193.5fb8ef056cdff92dec3dee9552839d8c
                           .group:00000000 wm4._ansi.h.23.7aefdac4826acebbfc9f3822a0aeb14c
                           .group:00000000 wm4.stdint.h.20.54ad762faa59e3c05491630641c8d8bf
                           .group:00000000 wm4.core_cmInstr.h.39.b7b6650bdd2316848d940915272d75b8
                           .group:00000000 wm4.core_cm0.h.135.ca70469f87e143609670bb393bfa6518
                           .group:00000000 wm4.XMC1000_RomFunctionTable.h.31.6d9a94465618f31b040dc9cea9a47ad7
                           .group:00000000 wm4.XMC1300.h.126.871a37eeeb3f6a078f5ddf5efd64103f
                           .group:00000000 wm4.stddef.h.40.50cf36416e06376af8a9dca28536f2e4
                           .group:00000000 wm4.types.h.60.e75c47576398c648cdcf9000ace5e3d8
                           .group:00000000 wm4.MULTIPLEXER.h.46.383e3edbb9cbf6e538f7c1532ef623c1
                           .group:00000000 wm4.CCU8PWMLIB.h.74.725ec81203769525cc7a424597055f47
                           .group:00000000 wm4.MOTORLIB.h.62.1aa717522e337383e1234be386036b7c
                           .group:00000000 wm4.IO004.h.53.442ea5eb47ad9eedc675253aa35f3107
                           .group:00000000 wm4.CLK002.h.56.d2936f957892acc36e594c5138aee657
                           .group:00000000 wm4.SPI001.h.66.008f87dc8e35bd406e3c30cddbc0095a
                           .group:00000000 wm4.SPI001_Conf.h.73.c5c12193b8e80575950f823e6fd0c682

NO UNDEFINED SYMBOLS
