   1              		.cpu cortex-m0
   2              		.fpu softvfp
   3              		.eabi_attribute 20, 1
   4              		.eabi_attribute 21, 1
   5              		.eabi_attribute 23, 3
   6              		.eabi_attribute 24, 1
   7              		.eabi_attribute 25, 1
   8              		.eabi_attribute 26, 1
   9              		.eabi_attribute 30, 6
  10              		.eabi_attribute 34, 0
  11              		.eabi_attribute 18, 4
  12              		.code	16
  13              		.file	"IO004.c"
  14              		.text
  15              	.Ltext0:
  16              		.cfi_sections	.debug_frame
  17              		.section	.text.IO004_Init,"ax",%progbits
  18              		.align	2
  19              		.global	IO004_Init
  20              		.code	16
  21              		.thumb_func
  23              	IO004_Init:
  24              	.LFB33:
  25              		.file 1 "../Dave/Generated/src/IO004/IO004.c"
   1:../Dave/Generated/src/IO004/IO004.c **** /*******************************************************************************
   2:../Dave/Generated/src/IO004/IO004.c **** **  DAVE App Name : IO004       App Version: 1.0.22               
   3:../Dave/Generated/src/IO004/IO004.c **** **  This file is generated by DAVE, User modification to this file will be    **
   4:../Dave/Generated/src/IO004/IO004.c **** **  overwritten at the next code generation.                                  **
   5:../Dave/Generated/src/IO004/IO004.c **** *******************************************************************************/
   6:../Dave/Generated/src/IO004/IO004.c **** 
   7:../Dave/Generated/src/IO004/IO004.c **** 
   8:../Dave/Generated/src/IO004/IO004.c **** /*CODE_BLOCK_BEGIN[IO004.c]*/
   9:../Dave/Generated/src/IO004/IO004.c **** /*******************************************************************************
  10:../Dave/Generated/src/IO004/IO004.c ****  Copyright (c) 2012, Infineon Technologies AG                                 **
  11:../Dave/Generated/src/IO004/IO004.c ****  All rights reserved.                                                         **
  12:../Dave/Generated/src/IO004/IO004.c ****                                                                               **
  13:../Dave/Generated/src/IO004/IO004.c ****  Redistribution and use in source and binary forms, with or without           **
  14:../Dave/Generated/src/IO004/IO004.c ****  modification,are permitted provided that the following conditions are met:   **
  15:../Dave/Generated/src/IO004/IO004.c ****                                                                               **
  16:../Dave/Generated/src/IO004/IO004.c ****  *Redistributions of source code must retain the above copyright notice,      **
  17:../Dave/Generated/src/IO004/IO004.c ****  this list of conditions and the following disclaimer.                        **
  18:../Dave/Generated/src/IO004/IO004.c ****  *Redistributions in binary form must reproduce the above copyright notice,   **
  19:../Dave/Generated/src/IO004/IO004.c ****  this list of conditions and the following disclaimer in the documentation    **
  20:../Dave/Generated/src/IO004/IO004.c ****  and/or other materials provided with the distribution.                       **
  21:../Dave/Generated/src/IO004/IO004.c ****  *Neither the name of the copyright holders nor the names of its contributors **
  22:../Dave/Generated/src/IO004/IO004.c ****  may be used to endorse or promote products derived from this software without**
  23:../Dave/Generated/src/IO004/IO004.c ****  specific prior written permission.                                           **
  24:../Dave/Generated/src/IO004/IO004.c ****                                                                               **
  25:../Dave/Generated/src/IO004/IO004.c ****  THIS SOFTWARE IS PROVIDED BY THE COPYRIGHT HOLDERS AND CONTRIBUTORS "AS IS"  **
  26:../Dave/Generated/src/IO004/IO004.c ****  AND ANY EXPRESS OR IMPLIED WARRANTIES, INCLUDING, BUT NOT LIMITED TO, THE    **
  27:../Dave/Generated/src/IO004/IO004.c ****  IMPLIED WARRANTIES OF MERCHANTABILITY AND FITNESS FOR A PARTICULAR PURPOSE   **
  28:../Dave/Generated/src/IO004/IO004.c ****  ARE  DISCLAIMED. IN NO EVENT SHALL THE COPYRIGHT HOLDER OR CONTRIBUTORS BE   **
  29:../Dave/Generated/src/IO004/IO004.c ****  LIABLE  FOR ANY DIRECT, INDIRECT, INCIDENTAL, SPECIAL, EXEMPLARY, OR         **
  30:../Dave/Generated/src/IO004/IO004.c ****  CONSEQUENTIAL DAMAGES (INCLUDING, BUT NOT LIMITED TO, PROCUREMENT OF         **
  31:../Dave/Generated/src/IO004/IO004.c ****  SUBSTITUTE GOODS OR  SERVICES; LOSS OF USE, DATA, OR PROFITS; OR BUSINESS    **
  32:../Dave/Generated/src/IO004/IO004.c ****  INTERRUPTION) HOWEVER CAUSED AND ON ANY THEORY OF LIABILITY, WHETHER IN      **
  33:../Dave/Generated/src/IO004/IO004.c ****  CONTRACT, STRICT LIABILITY,OR TORT (INCLUDING NEGLIGENCE OR OTHERWISE)       **
  34:../Dave/Generated/src/IO004/IO004.c ****  ARISING IN ANY WAY OUT OF THE USE OF THIS SOFTWARE, EVEN IF ADVISED OF THE   **
  35:../Dave/Generated/src/IO004/IO004.c ****  POSSIBILITY OF SUCH DAMAGE.                                                  **
  36:../Dave/Generated/src/IO004/IO004.c ****                                                                               **
  37:../Dave/Generated/src/IO004/IO004.c ****  To improve the quality of the software, users are encouraged to share        **
  38:../Dave/Generated/src/IO004/IO004.c ****  modifications, enhancements or bug fixes with Infineon Technologies AG       **
  39:../Dave/Generated/src/IO004/IO004.c ****  dave@infineon.com).                                                          **
  40:../Dave/Generated/src/IO004/IO004.c ****                                                                               **
  41:../Dave/Generated/src/IO004/IO004.c **** ********************************************************************************
  42:../Dave/Generated/src/IO004/IO004.c **** **                                                                            **
  43:../Dave/Generated/src/IO004/IO004.c **** **                                                                            **
  44:../Dave/Generated/src/IO004/IO004.c **** ** PLATFORM : Infineon XMC4000/XMC1000 Series                                 **
  45:../Dave/Generated/src/IO004/IO004.c **** **                                                                            **
  46:../Dave/Generated/src/IO004/IO004.c **** ** COMPILER : Compiler Independent                                            **
  47:../Dave/Generated/src/IO004/IO004.c **** **                                                                            **
  48:../Dave/Generated/src/IO004/IO004.c **** ** AUTHOR   : App Developer                                                   **
  49:../Dave/Generated/src/IO004/IO004.c **** **                                                                            **
  50:../Dave/Generated/src/IO004/IO004.c **** ** MAY BE CHANGED BY USER [yes/no]: Yes                                       **
  51:../Dave/Generated/src/IO004/IO004.c **** **                                                                            **
  52:../Dave/Generated/src/IO004/IO004.c **** ** MODIFICATION DATE : Mar 16, 2013                                           **
  53:../Dave/Generated/src/IO004/IO004.c **** **                                                                            **
  54:../Dave/Generated/src/IO004/IO004.c **** *******************************************************************************/
  55:../Dave/Generated/src/IO004/IO004.c **** /*******************************************************************************
  56:../Dave/Generated/src/IO004/IO004.c **** **                      Author(s) Identity                                    **
  57:../Dave/Generated/src/IO004/IO004.c **** ********************************************************************************
  58:../Dave/Generated/src/IO004/IO004.c **** **                                                                            **
  59:../Dave/Generated/src/IO004/IO004.c **** ** Initials     Name                                                          **
  60:../Dave/Generated/src/IO004/IO004.c **** ** ---------------------------------------------------------------------------**
  61:../Dave/Generated/src/IO004/IO004.c **** ** PAE        App Developer                                                   **
  62:../Dave/Generated/src/IO004/IO004.c **** *******************************************************************************/
  63:../Dave/Generated/src/IO004/IO004.c **** /**
  64:../Dave/Generated/src/IO004/IO004.c ****  * @file   IO004.c
  65:../Dave/Generated/src/IO004/IO004.c ****  *
  66:../Dave/Generated/src/IO004/IO004.c ****  * @brief  IO_Digital _IO004 App
  67:../Dave/Generated/src/IO004/IO004.c ****  *
  68:../Dave/Generated/src/IO004/IO004.c ****  * This app can be used to configure a IO Pin when the output shall be 
  69:../Dave/Generated/src/IO004/IO004.c ****  * controlled by software or when it required  just as a input I/O.IO002 App can 
  70:../Dave/Generated/src/IO004/IO004.c ****  * be used in any case except when the output shall be controlled by software.			
  71:../Dave/Generated/src/IO004/IO004.c ****  *
  72:../Dave/Generated/src/IO004/IO004.c ****  *	Note: 
  73:../Dave/Generated/src/IO004/IO004.c ****  *	The App GUI configures the Port Pin as GPIO in input mode by default.
  74:../Dave/Generated/src/IO004/IO004.c ****  */
  75:../Dave/Generated/src/IO004/IO004.c **** /* Revision History 
  76:../Dave/Generated/src/IO004/IO004.c ****  *
  77:../Dave/Generated/src/IO004/IO004.c ****  * 01 Jan 2013  v1.0.12  Disabled Pad Class & Pad driver configuration for 
  78:../Dave/Generated/src/IO004/IO004.c ****  *                       XMC1000.
  79:../Dave/Generated/src/IO004/IO004.c ****  * 16 Mar 2013  v1.0.14  Modified OMR register configuration (Direct assignment 
  80:../Dave/Generated/src/IO004/IO004.c ****  *                       without reading) to upgrade performance.
  81:../Dave/Generated/src/IO004/IO004.c ****  *
  82:../Dave/Generated/src/IO004/IO004.c ****  */
  83:../Dave/Generated/src/IO004/IO004.c **** /*******************************************************************************
  84:../Dave/Generated/src/IO004/IO004.c ****  ** INCLUDE FILES                                                             **
  85:../Dave/Generated/src/IO004/IO004.c ****  ******************************************************************************/
  86:../Dave/Generated/src/IO004/IO004.c **** 
  87:../Dave/Generated/src/IO004/IO004.c **** /** Inclusion of header file */
  88:../Dave/Generated/src/IO004/IO004.c **** #include <DAVE3.h>
  89:../Dave/Generated/src/IO004/IO004.c **** 
  90:../Dave/Generated/src/IO004/IO004.c **** /*******************************************************************************
  91:../Dave/Generated/src/IO004/IO004.c **** **                      Private Macro Definitions                             **
  92:../Dave/Generated/src/IO004/IO004.c **** *******************************************************************************/
  93:../Dave/Generated/src/IO004/IO004.c **** 
  94:../Dave/Generated/src/IO004/IO004.c **** /*******************************************************************************
  95:../Dave/Generated/src/IO004/IO004.c **** **                      Private Type Definitions                              **
  96:../Dave/Generated/src/IO004/IO004.c **** *******************************************************************************/
  97:../Dave/Generated/src/IO004/IO004.c **** 
  98:../Dave/Generated/src/IO004/IO004.c **** /*******************************************************************************
  99:../Dave/Generated/src/IO004/IO004.c **** **                 Private Function Declarations:
 100:../Dave/Generated/src/IO004/IO004.c **** *******************************************************************************/
 101:../Dave/Generated/src/IO004/IO004.c **** 
 102:../Dave/Generated/src/IO004/IO004.c **** /*******************************************************************************
 103:../Dave/Generated/src/IO004/IO004.c **** **                      Global Constant Definitions                           **
 104:../Dave/Generated/src/IO004/IO004.c **** *******************************************************************************/
 105:../Dave/Generated/src/IO004/IO004.c **** 
 106:../Dave/Generated/src/IO004/IO004.c **** /*******************************************************************************
 107:../Dave/Generated/src/IO004/IO004.c **** **                      Global Variable Definitions                           **
 108:../Dave/Generated/src/IO004/IO004.c **** *******************************************************************************/
 109:../Dave/Generated/src/IO004/IO004.c **** 
 110:../Dave/Generated/src/IO004/IO004.c **** /*******************************************************************************
 111:../Dave/Generated/src/IO004/IO004.c **** **                      Private Constant Definitions                          **
 112:../Dave/Generated/src/IO004/IO004.c **** *******************************************************************************/
 113:../Dave/Generated/src/IO004/IO004.c **** 
 114:../Dave/Generated/src/IO004/IO004.c **** /*******************************************************************************
 115:../Dave/Generated/src/IO004/IO004.c **** **                 Function like macro definitions                            **
 116:../Dave/Generated/src/IO004/IO004.c **** *******************************************************************************/
 117:../Dave/Generated/src/IO004/IO004.c **** /*******************************************************************************
 118:../Dave/Generated/src/IO004/IO004.c **** **                      Private Function Definitions                          **
 119:../Dave/Generated/src/IO004/IO004.c **** *******************************************************************************/
 120:../Dave/Generated/src/IO004/IO004.c **** 
 121:../Dave/Generated/src/IO004/IO004.c **** /*******************************************************************************
 122:../Dave/Generated/src/IO004/IO004.c **** **                      Public Function Definitions                           **
 123:../Dave/Generated/src/IO004/IO004.c **** *******************************************************************************/
 124:../Dave/Generated/src/IO004/IO004.c **** /** @ingroup IO004_Func
 125:../Dave/Generated/src/IO004/IO004.c ****  * @{
 126:../Dave/Generated/src/IO004/IO004.c ****  */
 127:../Dave/Generated/src/IO004/IO004.c **** 
 128:../Dave/Generated/src/IO004/IO004.c **** void IO004_Init(void)
 129:../Dave/Generated/src/IO004/IO004.c **** {
  26              		.loc 1 129 0
  27              		.cfi_startproc
  28 0000 80B5     		push	{r7, lr}
  29              	.LCFI0:
  30              		.cfi_def_cfa_offset 8
  31              		.cfi_offset 7, -8
  32              		.cfi_offset 14, -4
  33 0002 00AF     		add	r7, sp, #0
  34              	.LCFI1:
  35              		.cfi_def_cfa_register 7
 130:../Dave/Generated/src/IO004/IO004.c ****    /* <<<DD_IO004_API_1>>> */
 131:../Dave/Generated/src/IO004/IO004.c **** 
 132:../Dave/Generated/src/IO004/IO004.c **** 	   
 133:../Dave/Generated/src/IO004/IO004.c **** 
 134:../Dave/Generated/src/IO004/IO004.c ****   /* Configuration of 1 Port 4 based on User configuration */
 135:../Dave/Generated/src/IO004/IO004.c ****   IO004_Handle0.PortRegs->OMR = 0U<< 4;
  36              		.loc 1 135 0
  37 0004 054B     		ldr	r3, .L2
  38 0006 5B68     		ldr	r3, [r3, #4]
  39 0008 0022     		mov	r2, #0
  40 000a 5A60     		str	r2, [r3, #4]
 136:../Dave/Generated/src/IO004/IO004.c ****   
 137:../Dave/Generated/src/IO004/IO004.c ****   IO004_Handle0.PortRegs->IOCR4 |= (0U << 3);
  41              		.loc 1 137 0
  42 000c 034B     		ldr	r3, .L2
  43 000e 5B68     		ldr	r3, [r3, #4]
  44 0010 024A     		ldr	r2, .L2
  45 0012 5268     		ldr	r2, [r2, #4]
  46 0014 5269     		ldr	r2, [r2, #20]
  47 0016 5A61     		str	r2, [r3, #20]
 138:../Dave/Generated/src/IO004/IO004.c **** }
  48              		.loc 1 138 0
  49 0018 BD46     		mov	sp, r7
  50              		@ sp needed for prologue
  51 001a 80BD     		pop	{r7, pc}
  52              	.L3:
  53              		.align	2
  54              	.L2:
  55 001c 00000000 		.word	IO004_Handle0
  56              		.cfi_endproc
  57              	.LFE33:
  59              		.section	.text.IO004_DisableOutputDriver,"ax",%progbits
  60              		.align	2
  61              		.global	IO004_DisableOutputDriver
  62              		.code	16
  63              		.thumb_func
  65              	IO004_DisableOutputDriver:
  66              	.LFB34:
 139:../Dave/Generated/src/IO004/IO004.c **** 
 140:../Dave/Generated/src/IO004/IO004.c **** void IO004_DisableOutputDriver(const IO004_HandleType* Handle,IO004_InputModeType Mode)
 141:../Dave/Generated/src/IO004/IO004.c **** {
  67              		.loc 1 141 0
  68              		.cfi_startproc
  69 0000 90B5     		push	{r4, r7, lr}
  70              	.LCFI2:
  71              		.cfi_def_cfa_offset 12
  72              		.cfi_offset 4, -12
  73              		.cfi_offset 7, -8
  74              		.cfi_offset 14, -4
  75 0002 85B0     		sub	sp, sp, #20
  76              	.LCFI3:
  77              		.cfi_def_cfa_offset 32
  78 0004 00AF     		add	r7, sp, #0
  79              	.LCFI4:
  80              		.cfi_def_cfa_register 7
  81 0006 7860     		str	r0, [r7, #4]
  82 0008 0A1C     		mov	r2, r1
  83 000a FB1C     		add	r3, r7, #3
  84 000c 1A70     		strb	r2, [r3]
 142:../Dave/Generated/src/IO004/IO004.c ****   uint8_t Pin = Handle->PortPin;
  85              		.loc 1 142 0
  86 000e 3B1C     		mov	r3, r7
  87 0010 0F33     		add	r3, r3, #15
  88 0012 7A68     		ldr	r2, [r7, #4]
  89 0014 5278     		ldrb	r2, [r2, #1]
  90 0016 1A70     		strb	r2, [r3]
 143:../Dave/Generated/src/IO004/IO004.c ****   /* <<<DD_IO004_API_2>>> */
 144:../Dave/Generated/src/IO004/IO004.c ****   if(Pin < 4U)
  91              		.loc 1 144 0
  92 0018 3B1C     		mov	r3, r7
  93 001a 0F33     		add	r3, r3, #15
  94 001c 1B78     		ldrb	r3, [r3]
  95 001e 032B     		cmp	r3, #3
  96 0020 24D8     		bhi	.L5
 145:../Dave/Generated/src/IO004/IO004.c ****   {
 146:../Dave/Generated/src/IO004/IO004.c ****     Handle->PortRegs->IOCR0  =  (uint32_t)(Handle->PortRegs->IOCR0 & ~(0x0000001FUL << (3U+(Pin*8U)
  97              		.loc 1 146 0
  98 0022 7B68     		ldr	r3, [r7, #4]
  99 0024 5B68     		ldr	r3, [r3, #4]
 100 0026 7A68     		ldr	r2, [r7, #4]
 101 0028 5268     		ldr	r2, [r2, #4]
 102 002a 1269     		ldr	r2, [r2, #16]
 103 002c 391C     		mov	r1, r7
 104 002e 0F31     		add	r1, r1, #15
 105 0030 0978     		ldrb	r1, [r1]
 106 0032 C900     		lsl	r1, r1, #3
 107 0034 0331     		add	r1, r1, #3
 108 0036 1F20     		mov	r0, #31
 109 0038 041C     		mov	r4, r0
 110 003a 8C40     		lsl	r4, r4, r1
 111 003c 211C     		mov	r1, r4
 112 003e C943     		mvn	r1, r1
 113 0040 0A40     		and	r2, r1
 114 0042 1A61     		str	r2, [r3, #16]
 147:../Dave/Generated/src/IO004/IO004.c ****     Handle->PortRegs->IOCR0 |= (uint32_t)(((uint32_t)Mode & 0x1FUL) << (3U+(Pin*8U)));
 115              		.loc 1 147 0
 116 0044 7B68     		ldr	r3, [r7, #4]
 117 0046 5B68     		ldr	r3, [r3, #4]
 118 0048 7A68     		ldr	r2, [r7, #4]
 119 004a 5268     		ldr	r2, [r2, #4]
 120 004c 1169     		ldr	r1, [r2, #16]
 121 004e FA1C     		add	r2, r7, #3
 122 0050 1078     		ldrb	r0, [r2]
 123 0052 1F22     		mov	r2, #31
 124 0054 1040     		and	r0, r2
 125 0056 3A1C     		mov	r2, r7
 126 0058 0F32     		add	r2, r2, #15
 127 005a 1278     		ldrb	r2, [r2]
 128 005c D200     		lsl	r2, r2, #3
 129 005e 0332     		add	r2, r2, #3
 130 0060 041C     		mov	r4, r0
 131 0062 9440     		lsl	r4, r4, r2
 132 0064 221C     		mov	r2, r4
 133 0066 0A43     		orr	r2, r1
 134 0068 1A61     		str	r2, [r3, #16]
 135 006a A0E0     		b	.L4
 136              	.L5:
 148:../Dave/Generated/src/IO004/IO004.c ****   } else if ((Pin >= 4U) && (Pin <= 7U))
 137              		.loc 1 148 0
 138 006c 3B1C     		mov	r3, r7
 139 006e 0F33     		add	r3, r3, #15
 140 0070 1B78     		ldrb	r3, [r3]
 141 0072 032B     		cmp	r3, #3
 142 0074 30D9     		bls	.L7
 143              		.loc 1 148 0 is_stmt 0 discriminator 1
 144 0076 3B1C     		mov	r3, r7
 145 0078 0F33     		add	r3, r3, #15
 146 007a 1B78     		ldrb	r3, [r3]
 147 007c 072B     		cmp	r3, #7
 148 007e 2BD8     		bhi	.L7
 149:../Dave/Generated/src/IO004/IO004.c ****   {
 150:../Dave/Generated/src/IO004/IO004.c ****     Pin = Pin - 4U;
 149              		.loc 1 150 0 is_stmt 1
 150 0080 3B1C     		mov	r3, r7
 151 0082 0F33     		add	r3, r3, #15
 152 0084 3A1C     		mov	r2, r7
 153 0086 0F32     		add	r2, r2, #15
 154 0088 1278     		ldrb	r2, [r2]
 155 008a 043A     		sub	r2, r2, #4
 156 008c 1A70     		strb	r2, [r3]
 151:../Dave/Generated/src/IO004/IO004.c ****     Handle->PortRegs->IOCR4  =  (uint32_t)(Handle->PortRegs->IOCR4 & ~(0x0000001FUL << (3U+(Pin*8U)
 157              		.loc 1 151 0
 158 008e 7B68     		ldr	r3, [r7, #4]
 159 0090 5B68     		ldr	r3, [r3, #4]
 160 0092 7A68     		ldr	r2, [r7, #4]
 161 0094 5268     		ldr	r2, [r2, #4]
 162 0096 5269     		ldr	r2, [r2, #20]
 163 0098 391C     		mov	r1, r7
 164 009a 0F31     		add	r1, r1, #15
 165 009c 0978     		ldrb	r1, [r1]
 166 009e C900     		lsl	r1, r1, #3
 167 00a0 0331     		add	r1, r1, #3
 168 00a2 1F20     		mov	r0, #31
 169 00a4 041C     		mov	r4, r0
 170 00a6 8C40     		lsl	r4, r4, r1
 171 00a8 211C     		mov	r1, r4
 172 00aa C943     		mvn	r1, r1
 173 00ac 0A40     		and	r2, r1
 174 00ae 5A61     		str	r2, [r3, #20]
 152:../Dave/Generated/src/IO004/IO004.c ****     Handle->PortRegs->IOCR4 |=  (uint32_t)(((uint32_t)Mode & 0x1FUL) << (3U+(Pin*8U)));
 175              		.loc 1 152 0
 176 00b0 7B68     		ldr	r3, [r7, #4]
 177 00b2 5B68     		ldr	r3, [r3, #4]
 178 00b4 7A68     		ldr	r2, [r7, #4]
 179 00b6 5268     		ldr	r2, [r2, #4]
 180 00b8 5169     		ldr	r1, [r2, #20]
 181 00ba FA1C     		add	r2, r7, #3
 182 00bc 1078     		ldrb	r0, [r2]
 183 00be 1F22     		mov	r2, #31
 184 00c0 1040     		and	r0, r2
 185 00c2 3A1C     		mov	r2, r7
 186 00c4 0F32     		add	r2, r2, #15
 187 00c6 1278     		ldrb	r2, [r2]
 188 00c8 D200     		lsl	r2, r2, #3
 189 00ca 0332     		add	r2, r2, #3
 190 00cc 041C     		mov	r4, r0
 191 00ce 9440     		lsl	r4, r4, r2
 192 00d0 221C     		mov	r2, r4
 193 00d2 0A43     		orr	r2, r1
 194 00d4 5A61     		str	r2, [r3, #20]
 195 00d6 6AE0     		b	.L4
 196              	.L7:
 153:../Dave/Generated/src/IO004/IO004.c ****   } else if ((Pin >= 8U) && (Pin <= 11U))
 197              		.loc 1 153 0
 198 00d8 3B1C     		mov	r3, r7
 199 00da 0F33     		add	r3, r3, #15
 200 00dc 1B78     		ldrb	r3, [r3]
 201 00de 072B     		cmp	r3, #7
 202 00e0 30D9     		bls	.L8
 203              		.loc 1 153 0 is_stmt 0 discriminator 1
 204 00e2 3B1C     		mov	r3, r7
 205 00e4 0F33     		add	r3, r3, #15
 206 00e6 1B78     		ldrb	r3, [r3]
 207 00e8 0B2B     		cmp	r3, #11
 208 00ea 2BD8     		bhi	.L8
 154:../Dave/Generated/src/IO004/IO004.c ****   {
 155:../Dave/Generated/src/IO004/IO004.c ****     Pin = Pin - 8U;
 209              		.loc 1 155 0 is_stmt 1
 210 00ec 3B1C     		mov	r3, r7
 211 00ee 0F33     		add	r3, r3, #15
 212 00f0 3A1C     		mov	r2, r7
 213 00f2 0F32     		add	r2, r2, #15
 214 00f4 1278     		ldrb	r2, [r2]
 215 00f6 083A     		sub	r2, r2, #8
 216 00f8 1A70     		strb	r2, [r3]
 156:../Dave/Generated/src/IO004/IO004.c ****     Handle->PortRegs->IOCR8  =  (uint32_t)(Handle->PortRegs->IOCR8 & ~(0x0000001FUL << (3U+(Pin*8U)
 217              		.loc 1 156 0
 218 00fa 7B68     		ldr	r3, [r7, #4]
 219 00fc 5B68     		ldr	r3, [r3, #4]
 220 00fe 7A68     		ldr	r2, [r7, #4]
 221 0100 5268     		ldr	r2, [r2, #4]
 222 0102 9269     		ldr	r2, [r2, #24]
 223 0104 391C     		mov	r1, r7
 224 0106 0F31     		add	r1, r1, #15
 225 0108 0978     		ldrb	r1, [r1]
 226 010a C900     		lsl	r1, r1, #3
 227 010c 0331     		add	r1, r1, #3
 228 010e 1F20     		mov	r0, #31
 229 0110 041C     		mov	r4, r0
 230 0112 8C40     		lsl	r4, r4, r1
 231 0114 211C     		mov	r1, r4
 232 0116 C943     		mvn	r1, r1
 233 0118 0A40     		and	r2, r1
 234 011a 9A61     		str	r2, [r3, #24]
 157:../Dave/Generated/src/IO004/IO004.c ****     Handle->PortRegs->IOCR8 |=  (uint32_t)(((uint32_t)Mode & 0x1FUL) << (3U+(Pin*8U)));
 235              		.loc 1 157 0
 236 011c 7B68     		ldr	r3, [r7, #4]
 237 011e 5B68     		ldr	r3, [r3, #4]
 238 0120 7A68     		ldr	r2, [r7, #4]
 239 0122 5268     		ldr	r2, [r2, #4]
 240 0124 9169     		ldr	r1, [r2, #24]
 241 0126 FA1C     		add	r2, r7, #3
 242 0128 1078     		ldrb	r0, [r2]
 243 012a 1F22     		mov	r2, #31
 244 012c 1040     		and	r0, r2
 245 012e 3A1C     		mov	r2, r7
 246 0130 0F32     		add	r2, r2, #15
 247 0132 1278     		ldrb	r2, [r2]
 248 0134 D200     		lsl	r2, r2, #3
 249 0136 0332     		add	r2, r2, #3
 250 0138 041C     		mov	r4, r0
 251 013a 9440     		lsl	r4, r4, r2
 252 013c 221C     		mov	r2, r4
 253 013e 0A43     		orr	r2, r1
 254 0140 9A61     		str	r2, [r3, #24]
 255 0142 34E0     		b	.L4
 256              	.L8:
 158:../Dave/Generated/src/IO004/IO004.c ****   } else if ((Pin >= 12U) && (Pin <= 15U))
 257              		.loc 1 158 0
 258 0144 3B1C     		mov	r3, r7
 259 0146 0F33     		add	r3, r3, #15
 260 0148 1B78     		ldrb	r3, [r3]
 261 014a 0B2B     		cmp	r3, #11
 262 014c 2FD9     		bls	.L4
 263              		.loc 1 158 0 is_stmt 0 discriminator 1
 264 014e 3B1C     		mov	r3, r7
 265 0150 0F33     		add	r3, r3, #15
 266 0152 1B78     		ldrb	r3, [r3]
 267 0154 0F2B     		cmp	r3, #15
 268 0156 2AD8     		bhi	.L4
 159:../Dave/Generated/src/IO004/IO004.c ****   {
 160:../Dave/Generated/src/IO004/IO004.c ****     Pin = Pin - 12U;
 269              		.loc 1 160 0 is_stmt 1
 270 0158 3B1C     		mov	r3, r7
 271 015a 0F33     		add	r3, r3, #15
 272 015c 3A1C     		mov	r2, r7
 273 015e 0F32     		add	r2, r2, #15
 274 0160 1278     		ldrb	r2, [r2]
 275 0162 0C3A     		sub	r2, r2, #12
 276 0164 1A70     		strb	r2, [r3]
 161:../Dave/Generated/src/IO004/IO004.c ****     Handle->PortRegs->IOCR12  =  (uint32_t)(Handle->PortRegs->IOCR12 & ~(0x0000001FUL << (3U+(Pin*8
 277              		.loc 1 161 0
 278 0166 7B68     		ldr	r3, [r7, #4]
 279 0168 5B68     		ldr	r3, [r3, #4]
 280 016a 7A68     		ldr	r2, [r7, #4]
 281 016c 5268     		ldr	r2, [r2, #4]
 282 016e D269     		ldr	r2, [r2, #28]
 283 0170 391C     		mov	r1, r7
 284 0172 0F31     		add	r1, r1, #15
 285 0174 0978     		ldrb	r1, [r1]
 286 0176 C900     		lsl	r1, r1, #3
 287 0178 0331     		add	r1, r1, #3
 288 017a 1F20     		mov	r0, #31
 289 017c 041C     		mov	r4, r0
 290 017e 8C40     		lsl	r4, r4, r1
 291 0180 211C     		mov	r1, r4
 292 0182 C943     		mvn	r1, r1
 293 0184 0A40     		and	r2, r1
 294 0186 DA61     		str	r2, [r3, #28]
 162:../Dave/Generated/src/IO004/IO004.c ****     Handle->PortRegs->IOCR12 |=  (uint32_t)(((uint32_t)Mode & 0x1FUL) << (3U+(Pin*8U)));
 295              		.loc 1 162 0
 296 0188 7B68     		ldr	r3, [r7, #4]
 297 018a 5B68     		ldr	r3, [r3, #4]
 298 018c 7A68     		ldr	r2, [r7, #4]
 299 018e 5268     		ldr	r2, [r2, #4]
 300 0190 D169     		ldr	r1, [r2, #28]
 301 0192 FA1C     		add	r2, r7, #3
 302 0194 1078     		ldrb	r0, [r2]
 303 0196 1F22     		mov	r2, #31
 304 0198 1040     		and	r0, r2
 305 019a 3A1C     		mov	r2, r7
 306 019c 0F32     		add	r2, r2, #15
 307 019e 1278     		ldrb	r2, [r2]
 308 01a0 D200     		lsl	r2, r2, #3
 309 01a2 0332     		add	r2, r2, #3
 310 01a4 041C     		mov	r4, r0
 311 01a6 9440     		lsl	r4, r4, r2
 312 01a8 221C     		mov	r2, r4
 313 01aa 0A43     		orr	r2, r1
 314 01ac DA61     		str	r2, [r3, #28]
 315              	.L4:
 163:../Dave/Generated/src/IO004/IO004.c ****   }
 164:../Dave/Generated/src/IO004/IO004.c ****   else
 165:../Dave/Generated/src/IO004/IO004.c ****   {
 166:../Dave/Generated/src/IO004/IO004.c **** 	  /*Not supposed to be here */
 167:../Dave/Generated/src/IO004/IO004.c ****   }
 168:../Dave/Generated/src/IO004/IO004.c **** 
 169:../Dave/Generated/src/IO004/IO004.c **** }
 316              		.loc 1 169 0
 317 01ae BD46     		mov	sp, r7
 318 01b0 05B0     		add	sp, sp, #20
 319              		@ sp needed for prologue
 320 01b2 90BD     		pop	{r4, r7, pc}
 321              		.cfi_endproc
 322              	.LFE34:
 324              		.section	.text.IO004_EnableOutputDriver,"ax",%progbits
 325              		.align	2
 326              		.global	IO004_EnableOutputDriver
 327              		.code	16
 328              		.thumb_func
 330              	IO004_EnableOutputDriver:
 331              	.LFB35:
 170:../Dave/Generated/src/IO004/IO004.c **** 
 171:../Dave/Generated/src/IO004/IO004.c **** void IO004_EnableOutputDriver(const IO004_HandleType* Handle,IO004_OutputModeType Mode)
 172:../Dave/Generated/src/IO004/IO004.c **** {
 332              		.loc 1 172 0
 333              		.cfi_startproc
 334 0000 90B5     		push	{r4, r7, lr}
 335              	.LCFI5:
 336              		.cfi_def_cfa_offset 12
 337              		.cfi_offset 4, -12
 338              		.cfi_offset 7, -8
 339              		.cfi_offset 14, -4
 340 0002 85B0     		sub	sp, sp, #20
 341              	.LCFI6:
 342              		.cfi_def_cfa_offset 32
 343 0004 00AF     		add	r7, sp, #0
 344              	.LCFI7:
 345              		.cfi_def_cfa_register 7
 346 0006 7860     		str	r0, [r7, #4]
 347 0008 0A1C     		mov	r2, r1
 348 000a FB1C     		add	r3, r7, #3
 349 000c 1A70     		strb	r2, [r3]
 173:../Dave/Generated/src/IO004/IO004.c **** 
 174:../Dave/Generated/src/IO004/IO004.c ****   uint8_t Pin = Handle->PortPin;
 350              		.loc 1 174 0
 351 000e 3B1C     		mov	r3, r7
 352 0010 0F33     		add	r3, r3, #15
 353 0012 7A68     		ldr	r2, [r7, #4]
 354 0014 5278     		ldrb	r2, [r2, #1]
 355 0016 1A70     		strb	r2, [r3]
 175:../Dave/Generated/src/IO004/IO004.c ****   /* <<<DD_IO004_API_2>>> */
 176:../Dave/Generated/src/IO004/IO004.c ****   if(Pin < 4U)
 356              		.loc 1 176 0
 357 0018 3B1C     		mov	r3, r7
 358 001a 0F33     		add	r3, r3, #15
 359 001c 1B78     		ldrb	r3, [r3]
 360 001e 032B     		cmp	r3, #3
 361 0020 24D8     		bhi	.L10
 177:../Dave/Generated/src/IO004/IO004.c ****   {
 178:../Dave/Generated/src/IO004/IO004.c ****     Handle->PortRegs->IOCR0  =  (uint32_t)(Handle->PortRegs->IOCR0 & ~(0x0000001FUL << (3U+(Pin*8U)
 362              		.loc 1 178 0
 363 0022 7B68     		ldr	r3, [r7, #4]
 364 0024 5B68     		ldr	r3, [r3, #4]
 365 0026 7A68     		ldr	r2, [r7, #4]
 366 0028 5268     		ldr	r2, [r2, #4]
 367 002a 1269     		ldr	r2, [r2, #16]
 368 002c 391C     		mov	r1, r7
 369 002e 0F31     		add	r1, r1, #15
 370 0030 0978     		ldrb	r1, [r1]
 371 0032 C900     		lsl	r1, r1, #3
 372 0034 0331     		add	r1, r1, #3
 373 0036 1F20     		mov	r0, #31
 374 0038 041C     		mov	r4, r0
 375 003a 8C40     		lsl	r4, r4, r1
 376 003c 211C     		mov	r1, r4
 377 003e C943     		mvn	r1, r1
 378 0040 0A40     		and	r2, r1
 379 0042 1A61     		str	r2, [r3, #16]
 179:../Dave/Generated/src/IO004/IO004.c ****     Handle->PortRegs->IOCR0 |=  (uint32_t)(((uint32_t)Mode & 0x1FUL) << (3U+(Pin*8U)));
 380              		.loc 1 179 0
 381 0044 7B68     		ldr	r3, [r7, #4]
 382 0046 5B68     		ldr	r3, [r3, #4]
 383 0048 7A68     		ldr	r2, [r7, #4]
 384 004a 5268     		ldr	r2, [r2, #4]
 385 004c 1169     		ldr	r1, [r2, #16]
 386 004e FA1C     		add	r2, r7, #3
 387 0050 1078     		ldrb	r0, [r2]
 388 0052 1F22     		mov	r2, #31
 389 0054 1040     		and	r0, r2
 390 0056 3A1C     		mov	r2, r7
 391 0058 0F32     		add	r2, r2, #15
 392 005a 1278     		ldrb	r2, [r2]
 393 005c D200     		lsl	r2, r2, #3
 394 005e 0332     		add	r2, r2, #3
 395 0060 041C     		mov	r4, r0
 396 0062 9440     		lsl	r4, r4, r2
 397 0064 221C     		mov	r2, r4
 398 0066 0A43     		orr	r2, r1
 399 0068 1A61     		str	r2, [r3, #16]
 400 006a A0E0     		b	.L9
 401              	.L10:
 180:../Dave/Generated/src/IO004/IO004.c ****   } else if ((Pin >= 4U) && (Pin <= 7U))
 402              		.loc 1 180 0
 403 006c 3B1C     		mov	r3, r7
 404 006e 0F33     		add	r3, r3, #15
 405 0070 1B78     		ldrb	r3, [r3]
 406 0072 032B     		cmp	r3, #3
 407 0074 30D9     		bls	.L12
 408              		.loc 1 180 0 is_stmt 0 discriminator 1
 409 0076 3B1C     		mov	r3, r7
 410 0078 0F33     		add	r3, r3, #15
 411 007a 1B78     		ldrb	r3, [r3]
 412 007c 072B     		cmp	r3, #7
 413 007e 2BD8     		bhi	.L12
 181:../Dave/Generated/src/IO004/IO004.c ****   {
 182:../Dave/Generated/src/IO004/IO004.c ****     Pin = Pin - 4U;
 414              		.loc 1 182 0 is_stmt 1
 415 0080 3B1C     		mov	r3, r7
 416 0082 0F33     		add	r3, r3, #15
 417 0084 3A1C     		mov	r2, r7
 418 0086 0F32     		add	r2, r2, #15
 419 0088 1278     		ldrb	r2, [r2]
 420 008a 043A     		sub	r2, r2, #4
 421 008c 1A70     		strb	r2, [r3]
 183:../Dave/Generated/src/IO004/IO004.c ****     Handle->PortRegs->IOCR4  =  (uint32_t)(Handle->PortRegs->IOCR4 & ~(0x0000001FUL << (3U+(Pin*8U)
 422              		.loc 1 183 0
 423 008e 7B68     		ldr	r3, [r7, #4]
 424 0090 5B68     		ldr	r3, [r3, #4]
 425 0092 7A68     		ldr	r2, [r7, #4]
 426 0094 5268     		ldr	r2, [r2, #4]
 427 0096 5269     		ldr	r2, [r2, #20]
 428 0098 391C     		mov	r1, r7
 429 009a 0F31     		add	r1, r1, #15
 430 009c 0978     		ldrb	r1, [r1]
 431 009e C900     		lsl	r1, r1, #3
 432 00a0 0331     		add	r1, r1, #3
 433 00a2 1F20     		mov	r0, #31
 434 00a4 041C     		mov	r4, r0
 435 00a6 8C40     		lsl	r4, r4, r1
 436 00a8 211C     		mov	r1, r4
 437 00aa C943     		mvn	r1, r1
 438 00ac 0A40     		and	r2, r1
 439 00ae 5A61     		str	r2, [r3, #20]
 184:../Dave/Generated/src/IO004/IO004.c ****     Handle->PortRegs->IOCR4 |=  (uint32_t)(((uint32_t)Mode & 0x1FUL) << (3U+(Pin*8U)));
 440              		.loc 1 184 0
 441 00b0 7B68     		ldr	r3, [r7, #4]
 442 00b2 5B68     		ldr	r3, [r3, #4]
 443 00b4 7A68     		ldr	r2, [r7, #4]
 444 00b6 5268     		ldr	r2, [r2, #4]
 445 00b8 5169     		ldr	r1, [r2, #20]
 446 00ba FA1C     		add	r2, r7, #3
 447 00bc 1078     		ldrb	r0, [r2]
 448 00be 1F22     		mov	r2, #31
 449 00c0 1040     		and	r0, r2
 450 00c2 3A1C     		mov	r2, r7
 451 00c4 0F32     		add	r2, r2, #15
 452 00c6 1278     		ldrb	r2, [r2]
 453 00c8 D200     		lsl	r2, r2, #3
 454 00ca 0332     		add	r2, r2, #3
 455 00cc 041C     		mov	r4, r0
 456 00ce 9440     		lsl	r4, r4, r2
 457 00d0 221C     		mov	r2, r4
 458 00d2 0A43     		orr	r2, r1
 459 00d4 5A61     		str	r2, [r3, #20]
 460 00d6 6AE0     		b	.L9
 461              	.L12:
 185:../Dave/Generated/src/IO004/IO004.c ****   } else if ((Pin >= 8U) && (Pin <= 11U))
 462              		.loc 1 185 0
 463 00d8 3B1C     		mov	r3, r7
 464 00da 0F33     		add	r3, r3, #15
 465 00dc 1B78     		ldrb	r3, [r3]
 466 00de 072B     		cmp	r3, #7
 467 00e0 30D9     		bls	.L13
 468              		.loc 1 185 0 is_stmt 0 discriminator 1
 469 00e2 3B1C     		mov	r3, r7
 470 00e4 0F33     		add	r3, r3, #15
 471 00e6 1B78     		ldrb	r3, [r3]
 472 00e8 0B2B     		cmp	r3, #11
 473 00ea 2BD8     		bhi	.L13
 186:../Dave/Generated/src/IO004/IO004.c ****   {
 187:../Dave/Generated/src/IO004/IO004.c ****     Pin = Pin - 8U;
 474              		.loc 1 187 0 is_stmt 1
 475 00ec 3B1C     		mov	r3, r7
 476 00ee 0F33     		add	r3, r3, #15
 477 00f0 3A1C     		mov	r2, r7
 478 00f2 0F32     		add	r2, r2, #15
 479 00f4 1278     		ldrb	r2, [r2]
 480 00f6 083A     		sub	r2, r2, #8
 481 00f8 1A70     		strb	r2, [r3]
 188:../Dave/Generated/src/IO004/IO004.c ****     Handle->PortRegs->IOCR8  =  (uint32_t)(Handle->PortRegs->IOCR8 & ~(0x0000001FUL << (3U+(Pin*8U)
 482              		.loc 1 188 0
 483 00fa 7B68     		ldr	r3, [r7, #4]
 484 00fc 5B68     		ldr	r3, [r3, #4]
 485 00fe 7A68     		ldr	r2, [r7, #4]
 486 0100 5268     		ldr	r2, [r2, #4]
 487 0102 9269     		ldr	r2, [r2, #24]
 488 0104 391C     		mov	r1, r7
 489 0106 0F31     		add	r1, r1, #15
 490 0108 0978     		ldrb	r1, [r1]
 491 010a C900     		lsl	r1, r1, #3
 492 010c 0331     		add	r1, r1, #3
 493 010e 1F20     		mov	r0, #31
 494 0110 041C     		mov	r4, r0
 495 0112 8C40     		lsl	r4, r4, r1
 496 0114 211C     		mov	r1, r4
 497 0116 C943     		mvn	r1, r1
 498 0118 0A40     		and	r2, r1
 499 011a 9A61     		str	r2, [r3, #24]
 189:../Dave/Generated/src/IO004/IO004.c ****     Handle->PortRegs->IOCR8 |=  (uint32_t)(((uint32_t)Mode & 0x1FUL) << (3U+(Pin*8U)));
 500              		.loc 1 189 0
 501 011c 7B68     		ldr	r3, [r7, #4]
 502 011e 5B68     		ldr	r3, [r3, #4]
 503 0120 7A68     		ldr	r2, [r7, #4]
 504 0122 5268     		ldr	r2, [r2, #4]
 505 0124 9169     		ldr	r1, [r2, #24]
 506 0126 FA1C     		add	r2, r7, #3
 507 0128 1078     		ldrb	r0, [r2]
 508 012a 1F22     		mov	r2, #31
 509 012c 1040     		and	r0, r2
 510 012e 3A1C     		mov	r2, r7
 511 0130 0F32     		add	r2, r2, #15
 512 0132 1278     		ldrb	r2, [r2]
 513 0134 D200     		lsl	r2, r2, #3
 514 0136 0332     		add	r2, r2, #3
 515 0138 041C     		mov	r4, r0
 516 013a 9440     		lsl	r4, r4, r2
 517 013c 221C     		mov	r2, r4
 518 013e 0A43     		orr	r2, r1
 519 0140 9A61     		str	r2, [r3, #24]
 520 0142 34E0     		b	.L9
 521              	.L13:
 190:../Dave/Generated/src/IO004/IO004.c ****   } else if ((Pin >= 12U) && (Pin <= 15U))
 522              		.loc 1 190 0
 523 0144 3B1C     		mov	r3, r7
 524 0146 0F33     		add	r3, r3, #15
 525 0148 1B78     		ldrb	r3, [r3]
 526 014a 0B2B     		cmp	r3, #11
 527 014c 2FD9     		bls	.L9
 528              		.loc 1 190 0 is_stmt 0 discriminator 1
 529 014e 3B1C     		mov	r3, r7
 530 0150 0F33     		add	r3, r3, #15
 531 0152 1B78     		ldrb	r3, [r3]
 532 0154 0F2B     		cmp	r3, #15
 533 0156 2AD8     		bhi	.L9
 191:../Dave/Generated/src/IO004/IO004.c ****   {
 192:../Dave/Generated/src/IO004/IO004.c ****     Pin = Pin - 12U;
 534              		.loc 1 192 0 is_stmt 1
 535 0158 3B1C     		mov	r3, r7
 536 015a 0F33     		add	r3, r3, #15
 537 015c 3A1C     		mov	r2, r7
 538 015e 0F32     		add	r2, r2, #15
 539 0160 1278     		ldrb	r2, [r2]
 540 0162 0C3A     		sub	r2, r2, #12
 541 0164 1A70     		strb	r2, [r3]
 193:../Dave/Generated/src/IO004/IO004.c ****     Handle->PortRegs->IOCR12  =  (uint32_t)(Handle->PortRegs->IOCR12 & ~(0x0000001FUL << (3U+(Pin*8
 542              		.loc 1 193 0
 543 0166 7B68     		ldr	r3, [r7, #4]
 544 0168 5B68     		ldr	r3, [r3, #4]
 545 016a 7A68     		ldr	r2, [r7, #4]
 546 016c 5268     		ldr	r2, [r2, #4]
 547 016e D269     		ldr	r2, [r2, #28]
 548 0170 391C     		mov	r1, r7
 549 0172 0F31     		add	r1, r1, #15
 550 0174 0978     		ldrb	r1, [r1]
 551 0176 C900     		lsl	r1, r1, #3
 552 0178 0331     		add	r1, r1, #3
 553 017a 1F20     		mov	r0, #31
 554 017c 041C     		mov	r4, r0
 555 017e 8C40     		lsl	r4, r4, r1
 556 0180 211C     		mov	r1, r4
 557 0182 C943     		mvn	r1, r1
 558 0184 0A40     		and	r2, r1
 559 0186 DA61     		str	r2, [r3, #28]
 194:../Dave/Generated/src/IO004/IO004.c ****     Handle->PortRegs->IOCR12 |=  (uint32_t)(((uint32_t)Mode & 0x1FUL) << (3U+(Pin*8U)));
 560              		.loc 1 194 0
 561 0188 7B68     		ldr	r3, [r7, #4]
 562 018a 5B68     		ldr	r3, [r3, #4]
 563 018c 7A68     		ldr	r2, [r7, #4]
 564 018e 5268     		ldr	r2, [r2, #4]
 565 0190 D169     		ldr	r1, [r2, #28]
 566 0192 FA1C     		add	r2, r7, #3
 567 0194 1078     		ldrb	r0, [r2]
 568 0196 1F22     		mov	r2, #31
 569 0198 1040     		and	r0, r2
 570 019a 3A1C     		mov	r2, r7
 571 019c 0F32     		add	r2, r2, #15
 572 019e 1278     		ldrb	r2, [r2]
 573 01a0 D200     		lsl	r2, r2, #3
 574 01a2 0332     		add	r2, r2, #3
 575 01a4 041C     		mov	r4, r0
 576 01a6 9440     		lsl	r4, r4, r2
 577 01a8 221C     		mov	r2, r4
 578 01aa 0A43     		orr	r2, r1
 579 01ac DA61     		str	r2, [r3, #28]
 580              	.L9:
 195:../Dave/Generated/src/IO004/IO004.c ****   }
 196:../Dave/Generated/src/IO004/IO004.c ****   else
 197:../Dave/Generated/src/IO004/IO004.c ****   {
 198:../Dave/Generated/src/IO004/IO004.c **** 	  /*Not supposed to be here */
 199:../Dave/Generated/src/IO004/IO004.c ****   }
 200:../Dave/Generated/src/IO004/IO004.c **** }
 581              		.loc 1 200 0
 582 01ae BD46     		mov	sp, r7
 583 01b0 05B0     		add	sp, sp, #20
 584              		@ sp needed for prologue
 585 01b2 90BD     		pop	{r4, r7, pc}
 586              		.cfi_endproc
 587              	.LFE35:
 589              		.text
 590              	.Letext0:
 591              		.file 2 "d:\\dave-3.1.10\\arm-gcc\\bin\\../lib/gcc/arm-none-eabi/4.7.4/../../../../arm-none-eabi/i
 592              		.file 3 "D:\\DAVE3_workspace\\ws3.1.10\\Infineon_DA_Board\\Dave\\Generated\\inc\\DAVESupport/../..
 593              		.file 4 "D:\\DAVE3_workspace\\ws3.1.10\\Infineon_DA_Board\\Dave\\Generated\\inc\\DAVESupport/../..
DEFINED SYMBOLS
                            *ABS*:00000000 IO004.c
C:\Users\Mikew\AppData\Local\Temp\ccoYiYQZ.s:18     .text.IO004_Init:00000000 $t
C:\Users\Mikew\AppData\Local\Temp\ccoYiYQZ.s:23     .text.IO004_Init:00000000 IO004_Init
C:\Users\Mikew\AppData\Local\Temp\ccoYiYQZ.s:55     .text.IO004_Init:0000001c $d
C:\Users\Mikew\AppData\Local\Temp\ccoYiYQZ.s:60     .text.IO004_DisableOutputDriver:00000000 $t
C:\Users\Mikew\AppData\Local\Temp\ccoYiYQZ.s:65     .text.IO004_DisableOutputDriver:00000000 IO004_DisableOutputDriver
C:\Users\Mikew\AppData\Local\Temp\ccoYiYQZ.s:325    .text.IO004_EnableOutputDriver:00000000 $t
C:\Users\Mikew\AppData\Local\Temp\ccoYiYQZ.s:330    .text.IO004_EnableOutputDriver:00000000 IO004_EnableOutputDriver
                     .debug_frame:00000010 $d
                           .group:00000000 wm4.1.c67c26e5b5bc773b816ae3f1dbc84429
                           .group:00000000 wm4.XMC1300.h.45.4ee692c6c98aa9fc42e2abbc732052b9
                           .group:00000000 wm4.core_cm0.h.47.022e66414e77714da7c4b30b3ad99fe8
                           .group:00000000 wm4.newlib.h.8.a9901dc52d1357e3e94003403d43f8b5
                           .group:00000000 wm4.features.h.22.b72b3baab2bb2eab3661375590100b6b
                           .group:00000000 wm4.config.h.193.5fb8ef056cdff92dec3dee9552839d8c
                           .group:00000000 wm4._ansi.h.23.7aefdac4826acebbfc9f3822a0aeb14c
                           .group:00000000 wm4.stdint.h.20.54ad762faa59e3c05491630641c8d8bf
                           .group:00000000 wm4.core_cmInstr.h.39.b7b6650bdd2316848d940915272d75b8
                           .group:00000000 wm4.core_cm0.h.135.ca70469f87e143609670bb393bfa6518
                           .group:00000000 wm4.XMC1000_RomFunctionTable.h.31.6d9a94465618f31b040dc9cea9a47ad7
                           .group:00000000 wm4.XMC1300.h.126.871a37eeeb3f6a078f5ddf5efd64103f
                           .group:00000000 wm4.stddef.h.40.50cf36416e06376af8a9dca28536f2e4
                           .group:00000000 wm4.types.h.60.e75c47576398c648cdcf9000ace5e3d8
                           .group:00000000 wm4.MULTIPLEXER.h.46.383e3edbb9cbf6e538f7c1532ef623c1
                           .group:00000000 wm4.CCU8PWMLIB.h.74.725ec81203769525cc7a424597055f47
                           .group:00000000 wm4.MOTORLIB.h.62.1aa717522e337383e1234be386036b7c
                           .group:00000000 wm4.IO004.h.53.442ea5eb47ad9eedc675253aa35f3107
                           .group:00000000 wm4.CLK002.h.56.d2936f957892acc36e594c5138aee657
                           .group:00000000 wm4.SPI001.h.66.008f87dc8e35bd406e3c30cddbc0095a
                           .group:00000000 wm4.SPI001_Conf.h.73.c5c12193b8e80575950f823e6fd0c682

UNDEFINED SYMBOLS
IO004_Handle0
